<?xml version="1.0" encoding="UTF-8"?>
<!-- Generated by org.testng.reporters.JUnitXMLReporter -->
<testsuite hostname="Bharath-PC" tests="6" failures="0" timestamp="20 Jun 2020 16:24:46 GMT" time="65.7" errors="0">
  <testcase name="LoginTurbo" time="2.175" classname="TurboPortalClass"/>
  <testcase name="createJob" time="42.398" classname="TurboPortalClass"/>
  <testcase name="workflow" time="1.279" classname="TurboPortalClass"/>
  <testcase name="candidateCalib" time="5.278" classname="TurboPortalClass"/>
  <testcase name="Collaborate" time="0.85" classname="TurboPortalClass"/>
  <testcase name="PromoteJob" time="0.699" classname="TurboPortalClass"/>
</testsuite>
