<?xml version="1.0" encoding="UTF-8"?>
<testng-results skipped="0" failed="0" total="6" passed="6">
  <reporter-output>
  </reporter-output>
  <suite name="Default suite" duration-ms="65700" started-at="2020-06-20T16:23:40Z" finished-at="2020-06-20T16:24:46Z">
    <groups>
    </groups>
    <test name="Default test" duration-ms="65700" started-at="2020-06-20T16:23:40Z" finished-at="2020-06-20T16:24:46Z">
      <class name="TurboPortalClass">
        <test-method status="PASS" signature="createAccount()[pri:0, instance:TurboPortalClass@28feb3fa]" name="createAccount" is-config="true" duration-ms="12972" started-at="2020-06-20T21:53:40Z" finished-at="2020-06-20T21:53:53Z">
          <reporter-output>
          </reporter-output>
        </test-method> <!-- createAccount -->
        <test-method status="PASS" signature="LoginTurbo()[pri:0, instance:TurboPortalClass@28feb3fa]" name="LoginTurbo" duration-ms="2175" started-at="2020-06-20T21:53:53Z" finished-at="2020-06-20T21:53:55Z">
          <reporter-output>
          </reporter-output>
        </test-method> <!-- LoginTurbo -->
        <test-method status="PASS" signature="createJob()[pri:0, instance:TurboPortalClass@28feb3fa]" name="createJob" duration-ms="42398" started-at="2020-06-20T21:53:55Z" finished-at="2020-06-20T21:54:37Z">
          <reporter-output>
          </reporter-output>
        </test-method> <!-- createJob -->
        <test-method status="PASS" signature="workflow()[pri:0, instance:TurboPortalClass@28feb3fa]" name="workflow" duration-ms="1279" started-at="2020-06-20T21:54:37Z" finished-at="2020-06-20T21:54:39Z">
          <reporter-output>
          </reporter-output>
        </test-method> <!-- workflow -->
        <test-method status="PASS" signature="candidateCalib()[pri:0, instance:TurboPortalClass@28feb3fa]" name="candidateCalib" duration-ms="5278" started-at="2020-06-20T21:54:39Z" finished-at="2020-06-20T21:54:44Z">
          <reporter-output>
          </reporter-output>
        </test-method> <!-- candidateCalib -->
        <test-method status="PASS" signature="Collaborate()[pri:0, instance:TurboPortalClass@28feb3fa]" name="Collaborate" duration-ms="850" started-at="2020-06-20T21:54:44Z" finished-at="2020-06-20T21:54:45Z">
          <reporter-output>
          </reporter-output>
        </test-method> <!-- Collaborate -->
        <test-method status="PASS" signature="PromoteJob()[pri:0, instance:TurboPortalClass@28feb3fa]" name="PromoteJob" duration-ms="699" started-at="2020-06-20T21:54:45Z" finished-at="2020-06-20T21:54:46Z">
          <reporter-output>
          </reporter-output>
        </test-method> <!-- PromoteJob -->
      </class> <!-- TurboPortalClass -->
    </test> <!-- Default test -->
  </suite> <!-- Default suite -->
</testng-results>
